TN:
SF:script/Deploy.s.sol
DA:19,0
FN:19,Deploy.run
FNDA:0,Deploy.run
DA:20,0
DA:25,0
DA:26,0
BRDA:26,0,0,-
DA:27,0
DA:28,0
BRDA:28,0,1,-
DA:29,0
DA:31,0
DA:32,0
DA:34,0
DA:36,0
DA:38,0
DA:40,0
DA:41,0
DA:42,0
DA:43,0
FNF:1
FNH:0
LF:16
LH:0
BRF:2
BRH:0
end_of_record
TN:
SF:script/DeployMockcUSD.s.sol
DA:12,0
FN:12,DeployMockcUSD.run
FNDA:0,DeployMockcUSD.run
DA:13,0
DA:15,0
DA:17,0
DA:19,0
DA:21,0
DA:22,0
FNF:1
FNH:0
LF:7
LH:0
BRF:0
BRH:0
end_of_record
TN:
SF:script/RegisterKeeper.s.sol
DA:12,0
FN:12,RegisterKeeper.run
FNDA:0,RegisterKeeper.run
DA:15,0
FNF:1
FNH:0
LF:2
LH:0
BRF:0
BRH:0
end_of_record
TN:
SF:src/MockcUSD.sol
DA:16,0
FN:16,MockcUSD.constructor
FNDA:0,MockcUSD.constructor
DA:18,0
DA:24,0
FN:24,MockcUSD.mint
FNDA:0,MockcUSD.mint
DA:25,0
DA:31,0
FN:31,MockcUSD.mintForTesting
FNDA:0,MockcUSD.mintForTesting
DA:32,0
FNF:3
FNH:0
LF:6
LH:0
BRF:0
BRH:0
end_of_record
TN:
SF:src/SubscriptionVault.sol
DA:89,2
FN:89,SubscriptionVault.onlyFactory
FNDA:2,SubscriptionVault.onlyFactory
DA:90,2
BRDA:90,0,0,0
BRDA:90,0,1,0
DA:94,0
FN:94,SubscriptionVault.onlyRelayer
FNDA:0,SubscriptionVault.onlyRelayer
DA:95,0
BRDA:95,1,0,-
BRDA:95,1,1,-
DA:99,0
FN:99,SubscriptionVault.onlyCreator
FNDA:0,SubscriptionVault.onlyCreator
DA:100,0
BRDA:100,2,0,-
BRDA:100,2,1,-
DA:104,1
FN:104,SubscriptionVault.onlyMember
FNDA:1,SubscriptionVault.onlyMember
DA:105,1
BRDA:105,3,0,0
BRDA:105,3,1,1
DA:122,610
FN:122,SubscriptionVault.initialize
FNDA:610,SubscriptionVault.initialize
DA:132,610
BRDA:132,4,0,0
BRDA:132,4,1,610
DA:133,610
BRDA:133,5,0,0
BRDA:133,5,1,610
DA:137,610
BRDA:137,6,0,0
BRDA:137,6,1,610
DA:138,610
BRDA:138,7,0,0
BRDA:138,7,1,610
DA:140,610
DA:141,610
DA:142,610
DA:143,610
DA:144,610
DA:145,610
DA:146,610
DA:149,610
DA:151,610
DA:154,610
DA:155,610
DA:156,1987
BRDA:156,8,0,0
BRDA:156,8,1,1987
DA:158,1987
DA:160,1987
DA:167,1987
DA:168,1987
DA:171,610
BRDA:171,9,0,0
BRDA:171,9,1,610
DA:174,610
DA:182,1
FN:182,SubscriptionVault.fundShare
FNDA:1,SubscriptionVault.fundShare
DA:183,1
BRDA:183,10,0,0
BRDA:183,10,1,1
DA:184,1
BRDA:184,11,0,0
BRDA:184,11,1,1
DA:186,1
DA:187,1
BRDA:187,12,0,0
BRDA:187,12,1,1
DA:190,1
DA:193,0
DA:194,0
DA:196,0
DA:205,2
FN:205,SubscriptionVault.executePayment
FNDA:2,SubscriptionVault.executePayment
DA:206,2
BRDA:206,13,0,0
BRDA:206,13,1,2
DA:208,2
BRDA:208,14,0,1
BRDA:208,14,1,1
DA:209,1
BRDA:209,15,0,1
BRDA:209,15,1,0
DA:211,0
DA:214,0
DA:216,0
DA:222,0
FN:222,SubscriptionVault.refundCycle
FNDA:0,SubscriptionVault.refundCycle
DA:223,0
BRDA:223,16,0,-
BRDA:223,16,1,-
DA:225,0
BRDA:225,17,0,-
BRDA:225,17,1,-
DA:226,0
BRDA:226,18,0,-
BRDA:226,18,1,-
DA:228,0
DA:231,0
DA:232,0
DA:233,0
DA:235,0
BRDA:235,19,0,-
DA:236,0
DA:237,0
DA:241,0
DA:242,0
DA:245,0
DA:252,0
FN:252,SubscriptionVault.confirmPaymentAndReset
FNDA:0,SubscriptionVault.confirmPaymentAndReset
DA:253,0
BRDA:253,20,0,-
BRDA:253,20,1,-
DA:254,0
DA:262,513
FN:262,SubscriptionVault.getFundingStatus
FNDA:513,SubscriptionVault.getFundingStatus
DA:272,513
DA:273,513
DA:274,513
DA:276,513
DA:277,0
BRDA:277,21,0,-
DA:278,0
DA:286,1101
FN:286,SubscriptionVault.isMember
FNDA:1101,SubscriptionVault.isMember
DA:287,1101
DA:293,0
FN:293,SubscriptionVault.getMember
FNDA:0,SubscriptionVault.getMember
DA:305,0
DA:306,0
DA:317,1
FN:317,SubscriptionVault.getMembers
FNDA:1,SubscriptionVault.getMembers
DA:318,1
DA:324,1
FN:324,SubscriptionVault.getCycleDeadline
FNDA:1,SubscriptionVault.getCycleDeadline
DA:325,1
DA:328,0
FN:328,SubscriptionVault.nextBillingDate
FNDA:0,SubscriptionVault.nextBillingDate
DA:329,610
DA:330,610
DA:332,610
BRDA:332,22,0,610
BRDA:332,22,1,0
DA:333,610
DA:336,0
DA:338,610
DA:346,610
FN:346,SubscriptionVault._getDay
FNDA:610,SubscriptionVault._getDay
DA:348,610
DA:349,610
DA:355,0
FN:355,SubscriptionVault._resetCycle
FNDA:0,SubscriptionVault._resetCycle
DA:356,0
DA:357,0
DA:360,0
DA:361,0
DA:364,0
DA:365,0
DA:371,610
FN:371,SubscriptionVault._resetCycleDeadline
FNDA:610,SubscriptionVault._resetCycleDeadline
DA:372,610
FNF:18
FNH:11
LF:99
LH:58
BRF:44
BRH:15
end_of_record
TN:
SF:src/VaultFactory.sol
DA:53,15
FN:53,VaultFactory.constructor
FNDA:15,VaultFactory.constructor
DA:54,15
BRDA:54,0,0,0
BRDA:54,0,1,15
DA:55,15
BRDA:55,1,0,0
BRDA:55,1,1,15
DA:57,15
DA:58,15
DA:63,1
FN:63,VaultFactory.setRelayer
FNDA:1,VaultFactory.setRelayer
DA:64,1
BRDA:64,2,0,0
BRDA:64,2,1,1
DA:65,1
DA:66,1
DA:69,0
FN:69,VaultFactory.setCUSD
FNDA:0,VaultFactory.setCUSD
DA:70,0
BRDA:70,3,0,-
BRDA:70,3,1,-
DA:71,0
DA:72,0
DA:80,782
FN:80,VaultFactory.createVault
FNDA:782,VaultFactory.createVault
DA:88,782
BRDA:88,4,0,1
BRDA:88,4,1,781
DA:89,781
BRDA:89,5,0,171
BRDA:89,5,1,610
DA:90,610
BRDA:90,6,0,0
BRDA:90,6,1,610
DA:91,610
BRDA:91,7,0,0
BRDA:91,7,1,610
DA:92,610
BRDA:92,8,0,0
BRDA:92,8,1,610
DA:95,610
DA:98,610
DA:110,610
DA:111,610
DA:112,610
DA:114,610
DA:116,610
DA:121,0
FN:121,VaultFactory.checkUpkeep
FNDA:0,VaultFactory.checkUpkeep
DA:129,0
DA:130,0
DA:131,0
DA:132,0
DA:133,0
BRDA:133,9,0,-
DA:134,0
DA:135,0
DA:137,0
BRDA:137,10,0,-
DA:138,0
DA:139,0
DA:141,0
BRDA:141,11,0,-
DA:142,0
DA:143,0
DA:149,0
FN:149,VaultFactory.performUpkeep
FNDA:0,VaultFactory.performUpkeep
DA:150,0
DA:151,0
DA:152,0
DA:153,0
BRDA:153,12,0,-
DA:154,0
DA:155,0
DA:157,0
BRDA:157,13,0,-
DA:158,0
DA:160,0
BRDA:160,14,0,-
DA:161,0
DA:169,1
FN:169,VaultFactory.getVaultsCount
FNDA:1,VaultFactory.getVaultsCount
DA:170,1
DA:173,1
FN:173,VaultFactory.getVaultAt
FNDA:1,VaultFactory.getVaultAt
DA:174,1
BRDA:174,15,0,0
BRDA:174,15,1,1
DA:175,1
DA:178,1
FN:178,VaultFactory.getCreatorVaults
FNDA:1,VaultFactory.getCreatorVaults
DA:181,1
DA:184,0
FN:184,VaultFactory.getCreatorVaultsCount
FNDA:0,VaultFactory.getCreatorVaultsCount
DA:187,0
DA:190,1
FN:190,VaultFactory.isVault
FNDA:1,VaultFactory.isVault
DA:191,1
FNF:11
FNH:7
LF:62
LH:31
BRF:26
BRH:11
end_of_record
